<?xml version="1.0" encoding="UTF-8"?>
<Site BuildName="Linux-g++"
	BuildStamp="20260220-0458-Experimental"
	Name="Seths-Laptop"
	Generator="ctest-3.28.3"
	CompilerName="/usr/bin/g++"
	CompilerVersion=""
	OSName="Linux"
	Hostname="Seths-Laptop"
	OSRelease="6.6.87.2-microsoft-standard-WSL2"
	OSVersion="#1 SMP PREEMPT_DYNAMIC Thu Jun  5 18:30:46 UTC 2025"
	OSPlatform="x86_64"
	Is64Bits="1"
	VendorString="GenuineIntel"
	VendorID="Intel Corporation"
	FamilyID="6"
	ModelID="154"
	ProcessorCacheSize="24576"
	NumberOfLogicalCPU="20"
	NumberOfPhysicalCPU="10"
	TotalVirtualMemory="4096"
	TotalPhysicalMemory="15823"
	LogicalProcessorsPerPhysical="2"
	ProcessorClockFrequency="2688.01"
	>
	<Testing>
		<StartDateTime>Feb 20 00:29 EST</StartDateTime>
		<StartTestTime>1771565385</StartTestTime>
		<TestList/>
		<EndDateTime>Feb 20 00:29 EST</EndDateTime>
		<EndTestTime>1771565385</EndTestTime>
		<ElapsedMinutes>0</ElapsedMinutes>
	</Testing>
</Site>
